Command line:
   tb_and01_isim_beh.exe
     -simmode  gui
     -simrunnum  1
     -socket  50783

Mon Apr 22 23:10:44 2019


 Elaboration Time: 0.0625 sec

 Current Memory Usage: 5331.24 Meg

 Total Signals          : 8
 Total Nets             : 4
 Total Signal Drivers   : 4
 Total Blocks           : 3
 Total Primitive Blocks : 2
 Total Processes        : 2
 Total Traceable Variables  : 8
 Total Scalar Nets and Variables : 364
Total Line Count : 9

 Total Simulation Time: 0.0625 sec

 Current Memory Usage: 5173.96 Meg

Mon Apr 22 23:14:11 2019



