Release 14.7 - xst P.20131013 (nt64)
Copyright (c) 1995-2013 Xilinx, Inc.  All rights reserved.
--> Parameter TMPDIR set to xst/projnav.tmp


Total REAL time to Xst completion: 0.00 secs
Total CPU time to Xst completion: 0.26 secs
 
--> Parameter xsthdpdir set to xst


Total REAL time to Xst completion: 0.00 secs
Total CPU time to Xst completion: 0.27 secs
 
--> Reading design: top.prj

TABLE OF CONTENTS
  1) Synthesis Options Summary
  2) HDL Compilation
  3) Design Hierarchy Analysis
  4) HDL Analysis
  5) HDL Synthesis
     5.1) HDL Synthesis Report
  6) Advanced HDL Synthesis
     6.1) Advanced HDL Synthesis Report
  7) Low Level Synthesis
  8) Partition Report
  9) Final Report
	9.1) Device utilization summary
	9.2) Partition Resource Summary
	9.3) TIMING REPORT


=========================================================================
*                      Synthesis Options Summary                        *
=========================================================================
---- Source Parameters
Input File Name                    : "top.prj"
Input Format                       : mixed
Ignore Synthesis Constraint File   : NO

---- Target Parameters
Output File Name                   : "top"
Output Format                      : NGC
Target Device                      : xc3s100e-4-cp132

---- Source Options
Top Module Name                    : top
Automatic FSM Extraction           : YES
FSM Encoding Algorithm             : Auto
Safe Implementation                : No
FSM Style                          : LUT
RAM Extraction                     : Yes
RAM Style                          : Auto
ROM Extraction                     : Yes
Mux Style                          : Auto
Decoder Extraction                 : YES
Priority Encoder Extraction        : Yes
Shift Register Extraction          : YES
Logical Shifter Extraction         : YES
XOR Collapsing                     : YES
ROM Style                          : Auto
Mux Extraction                     : Yes
Resource Sharing                   : YES
Asynchronous To Synchronous        : NO
Multiplier Style                   : Auto
Automatic Register Balancing       : No

---- Target Options
Add IO Buffers                     : YES
Global Maximum Fanout              : 500
Add Generic Clock Buffer(BUFG)     : 24
Register Duplication               : YES
Slice Packing                      : YES
Optimize Instantiated Primitives   : NO
Use Clock Enable                   : Yes
Use Synchronous Set                : Yes
Use Synchronous Reset              : Yes
Pack IO Registers into IOBs        : Auto
Equivalent register Removal        : YES

---- General Options
Optimization Goal                  : Speed
Optimization Effort                : 1
Keep Hierarchy                     : No
Netlist Hierarchy                  : As_Optimized
RTL Output                         : Yes
Global Optimization                : AllClockNets
Read Cores                         : YES
Write Timing Constraints           : NO
Cross Clock Analysis               : NO
Hierarchy Separator                : /
Bus Delimiter                      : <>
Case Specifier                     : Maintain
Slice Utilization Ratio            : 100
BRAM Utilization Ratio             : 100
Verilog 2001                       : YES
Auto BRAM Packing                  : NO
Slice Utilization Ratio Delta      : 5

=========================================================================


=========================================================================
*                          HDL Compilation                              *
=========================================================================
Compiling vhdl file "D:/GIT/logica-reconfiguravel/Exercicios/ENTREGAR ATIVIDADE/potencia/meupacote.vhd" in Library work.
Architecture meupacote of Entity meupacote is up to date.
Compiling vhdl file "D:/GIT/logica-reconfiguravel/Exercicios/ENTREGAR ATIVIDADE/potencia/setSeg.vhd" in Library work.
Architecture arch of Entity setseg is up to date.
Compiling vhdl file "D:/GIT/logica-reconfiguravel/Exercicios/ENTREGAR ATIVIDADE/potencia/top.vhd" in Library work.
Entity <top> compiled.
Entity <top> (Architecture <arch>) compiled.

=========================================================================
*                     Design Hierarchy Analysis                         *
=========================================================================
Analyzing hierarchy for entity <top> in library <work> (architecture <arch>).

Analyzing hierarchy for entity <multplica> in library <work> (architecture <arch>).

Analyzing hierarchy for entity <setSeg> in library <work> (architecture <arch>).


=========================================================================
*                            HDL Analysis                               *
=========================================================================
Analyzing Entity <top> in library <work> (Architecture <arch>).
Entity <top> analyzed. Unit <top> generated.

Analyzing Entity <multplica> in library <work> (Architecture <arch>).
WARNING:Xst:1610 - "D:/GIT/logica-reconfiguravel/Exercicios/ENTREGAR ATIVIDADE/potencia/multplica.vhd" line 18: Width mismatch. <result> has a width of 8 bits but assigned expression is 10-bit wide.
WARNING:Xst:1610 - "D:/GIT/logica-reconfiguravel/Exercicios/ENTREGAR ATIVIDADE/potencia/multplica.vhd" line 18: Width mismatch. <result> has a width of 8 bits but assigned expression is 10-bit wide.
Entity <multplica> analyzed. Unit <multplica> generated.

Analyzing Entity <setSeg> in library <work> (Architecture <arch>).
Entity <setSeg> analyzed. Unit <setSeg> generated.


=========================================================================
*                           HDL Synthesis                               *
=========================================================================

Performing bidirectional port resolution...

Synthesizing Unit <multplica>.
    Related source file is "D:/GIT/logica-reconfiguravel/Exercicios/ENTREGAR ATIVIDADE/potencia/multplica.vhd".
WARNING:Xst:646 - Signal <b_sig> is assigned but never used. This unconnected signal will be trimmed during the optimization process.
WARNING:Xst:643 - "D:/GIT/logica-reconfiguravel/Exercicios/ENTREGAR ATIVIDADE/potencia/multplica.vhd" line 18: The result of a 8x2-bit multiplication is partially used. Only the 8 least significant bits are used. If you are doing this on purpose, you may safely ignore this warning. Otherwise, make sure you are not losing information, leading to unexpected circuit behavior.
    Found 8x2-bit multiplier for signal <result$mult0000> created at line 18.
    Summary:
	inferred   1 Multiplier(s).
Unit <multplica> synthesized.


Synthesizing Unit <setSeg>.
    Related source file is "D:/GIT/logica-reconfiguravel/Exercicios/ENTREGAR ATIVIDADE/potencia/setSeg.vhd".
    Found 16x8-bit ROM for signal <bar$mux0000>.
    Summary:
	inferred   1 ROM(s).
Unit <setSeg> synthesized.


Synthesizing Unit <top>.
    Related source file is "D:/GIT/logica-reconfiguravel/Exercicios/ENTREGAR ATIVIDADE/potencia/top.vhd".
Unit <top> synthesized.


=========================================================================
HDL Synthesis Report

Macro Statistics
# ROMs                                                 : 1
 16x8-bit ROM                                          : 1
# Multipliers                                          : 1
 8x2-bit multiplier                                    : 1

=========================================================================

=========================================================================
*                       Advanced HDL Synthesis                          *
=========================================================================


=========================================================================
Advanced HDL Synthesis Report

Macro Statistics
# ROMs                                                 : 1
 16x8-bit ROM                                          : 1
# Multipliers                                          : 1
 8x2-bit multiplier                                    : 1

=========================================================================

=========================================================================
*                         Low Level Synthesis                           *
=========================================================================
WARNING:Xst:2170 - Unit top : the following signal(s) form a combinatorial loop: map01/Mmult_result_mult0000_Madd_cy<4>, map01/Mmult_result_mult0000_Madd_cy<5>, map01/Mmult_result_mult0000_Madd_cy<3>, map02/bar_and0000, bar<7>, map01/Mmult_result_mult0000_Madd_cy<6>, map01/Mmult_result_mult0000_Madd_cy<2>, map01/Mmult_result_mult0000_a<0>_x_prod<1>_mand1, map01/Mmult_result_mult0000_Madd_cy<1>, prod<7>, prod<1>, map01/Mmult_result_mult0000_Madd_lut<1>.
WARNING:Xst:2170 - Unit top : the following signal(s) form a combinatorial loop: prod<2>, bar<6>, map01/Mmult_result_mult0000_Madd_lut<2>, map02/Mrom_bar_mux00006.
WARNING:Xst:2170 - Unit top : the following signal(s) form a combinatorial loop: map01/Mmult_result_mult0000_Madd_lut<3>, prod<3>, map02/Mrom_bar_mux00005, bar<5>.
WARNING:Xst:2170 - Unit top : the following signal(s) form a combinatorial loop: map01/Mmult_result_mult0000_Madd_lut<6>, prod<6>.
WARNING:Xst:2170 - Unit top : the following signal(s) form a combinatorial loop: map01/Mmult_result_mult0000_Madd_lut<5>, prod<5>.
WARNING:Xst:2170 - Unit top : the following signal(s) form a combinatorial loop: prod<4>, map01/Mmult_result_mult0000_Madd_lut<4>.
WARNING:Xst:2170 - Unit top : the following signal(s) form a combinatorial loop: map01/Mmult_result_mult0000_a<0>_x_prod<0>.

Optimizing unit <top> ...

Mapping all equations...
Building and optimizing final netlist ...
Found area constraint ratio of 100 (+ 5) on block top, actual ratio is 1.

Final Macro Processing ...

=========================================================================
Final Register Report

Found no macro
=========================================================================

=========================================================================
*                           Partition Report                            *
=========================================================================

Partition Implementation Status
-------------------------------

  No Partitions were found in this design.

-------------------------------

=========================================================================
*                            Final Report                               *
=========================================================================
Final Results
RTL Top Level Output File Name     : top.ngr
Top Level Output File Name         : top
Output Format                      : NGC
Optimization Goal                  : Speed
Keep Hierarchy                     : No

Design Statistics
# IOs                              : 20

Cell Usage :
# BELS                             : 47
#      GND                         : 1
#      LUT2                        : 1
#      LUT3                        : 3
#      LUT4                        : 19
#      MULT_AND                    : 6
#      MUXCY                       : 6
#      MUXF5                       : 4
#      XORCY                       : 7
# IO Buffers                       : 18
#      IBUF                        : 2
#      OBUF                        : 16
=========================================================================

Device utilization summary:
---------------------------

Selected Device : 3s100ecp132-4 

 Number of Slices:                       12  out of    960     1%  
 Number of 4 input LUTs:                 23  out of   1920     1%  
 Number of IOs:                          20
 Number of bonded IOBs:                  18  out of     83    21%  

---------------------------
Partition Resource Summary:
---------------------------

  No Partitions were found in this design.

---------------------------


=========================================================================
TIMING REPORT

NOTE: THESE TIMING NUMBERS ARE ONLY A SYNTHESIS ESTIMATE.
      FOR ACCURATE TIMING INFORMATION PLEASE REFER TO THE TRACE REPORT
      GENERATED AFTER PLACE-and-ROUTE.

Clock Information:
------------------
No clock signals found in this design

Asynchronous Control Signals Information:
----------------------------------------
No asynchronous control signals found in this design

Timing Summary:
---------------
Speed Grade: -4

   Minimum period: No path found
   Minimum input arrival time before clock: No path found
   Maximum output required time after clock: No path found
   Maximum combinational path delay: 32.504ns

Timing Detail:
--------------
All values displayed in nanoseconds (ns)

=========================================================================
Timing constraint: Default path analysis
  Total number of paths / destination ports: 68572 / 16
-------------------------------------------------------------------------
Delay:               32.504ns (Levels of Logic = 27)
  Source:            a<0> (PAD)
  Destination:       bar<3> (PAD)

  Data Path: a<0> to bar<3>
                                Gate     Net
    Cell:in->out      fanout   Delay   Delay  Logical Name (Net Name)
    ----------------------------------------  ------------
     IBUF:I->O             8   1.218   0.836  a_0_IBUF (map01/Mmult_result_mult0000_a<0>_x_prod<1>_mand)
     LUT2:I1->O           11   0.704   0.937  map01/Mmult_result_mult0000_a<0>_x_prod<0>1 (map01/Mmult_result_mult0000_a<0>_x_prod<0>)
     LUT4:I3->O            1   0.704   0.000  map01/Mmult_result_mult0000_Madd_lut<1> (map01/Mmult_result_mult0000_Madd_lut<1>)
     XORCY:LI->O          16   0.527   1.034  map01/Mmult_result_mult0000_Madd_xor<1> (prod_1_OBUF)
     MULT_AND:I0->LO       0   0.741   0.000  map01/Mmult_result_mult0000_a<0>_x_prod<1>_mand (map01/Mmult_result_mult0000_a<0>_x_prod<1>_mand1)
     MUXCY:DI->O           1   0.888   0.000  map01/Mmult_result_mult0000_Madd_cy<1> (map01/Mmult_result_mult0000_Madd_cy<1>)
     XORCY:CI->O          16   0.804   1.034  map01/Mmult_result_mult0000_Madd_xor<2> (prod_2_OBUF)
     MULT_AND:I0->LO       0   0.741   0.000  map01/Mmult_result_mult0000_a<0>_x_prod<2>_mand (map01/Mmult_result_mult0000_a<0>_x_prod<2>_mand1)
     MUXCY:DI->O           1   0.888   0.000  map01/Mmult_result_mult0000_Madd_cy<2> (map01/Mmult_result_mult0000_Madd_cy<2>)
     XORCY:CI->O           9   0.804   0.820  map01/Mmult_result_mult0000_Madd_xor<3> (prod_3_OBUF)
     MULT_AND:I0->LO       0   0.741   0.000  map01/Mmult_result_mult0000_a<0>_x_prod<3>_mand (map01/Mmult_result_mult0000_a<0>_x_prod<3>_mand1)
     MUXCY:DI->O           1   0.888   0.000  map01/Mmult_result_mult0000_Madd_cy<3> (map01/Mmult_result_mult0000_Madd_cy<3>)
     XORCY:CI->O           5   0.804   0.633  map01/Mmult_result_mult0000_Madd_xor<4> (prod_4_OBUF)
     MULT_AND:I0->LO       0   0.741   0.000  map01/Mmult_result_mult0000_a<0>_x_prod<4>_mand (map01/Mmult_result_mult0000_a<0>_x_prod<4>_mand1)
     MUXCY:DI->O           1   0.888   0.000  map01/Mmult_result_mult0000_Madd_cy<4> (map01/Mmult_result_mult0000_Madd_cy<4>)
     XORCY:CI->O           5   0.804   0.633  map01/Mmult_result_mult0000_Madd_xor<5> (prod_5_OBUF)
     MULT_AND:I0->LO       0   0.741   0.000  map01/Mmult_result_mult0000_a<0>_x_prod<5>_mand (map01/Mmult_result_mult0000_a<0>_x_prod<5>_mand1)
     MUXCY:DI->O           1   0.888   0.000  map01/Mmult_result_mult0000_Madd_cy<5> (map01/Mmult_result_mult0000_Madd_cy<5>)
     XORCY:CI->O           5   0.804   0.633  map01/Mmult_result_mult0000_Madd_xor<6> (prod_6_OBUF)
     MULT_AND:I0->LO       0   0.741   0.000  map01/Mmult_result_mult0000_a<0>_x_prod<6>_mand (map01/Mmult_result_mult0000_a<0>_x_prod<6>_mand1)
     MUXCY:DI->O           0   0.888   0.000  map01/Mmult_result_mult0000_Madd_cy<6> (map01/Mmult_result_mult0000_Madd_cy<6>)
     XORCY:CI->O           4   0.804   0.591  map01/Mmult_result_mult0000_Madd_xor<7> (prod_7_OBUF)
     LUT4:I3->O            9   0.704   0.855  map02/bar<5>11 (N2)
     LUT3:I2->O            1   0.704   0.000  map02/bar<0>1 (map02/bar<0>)
     MUXF5:I1->O           2   0.321   0.622  map02/bar<0>_f5 (bar_0_OBUF)
     LUT4:I0->O            1   0.704   0.420  map02/bar<3>1 (bar_3_OBUF)
     OBUF:I->O                 3.272          bar_3_OBUF (bar<3>)
    ----------------------------------------
    Total                     32.504ns (23.456ns logic, 9.048ns route)
                                       (72.2% logic, 27.8% route)

=========================================================================


Total REAL time to Xst completion: 7.00 secs
Total CPU time to Xst completion: 6.64 secs
 
--> 

Total memory usage is 4550900 kilobytes

Number of errors   :    0 (   0 filtered)
Number of warnings :   11 (   0 filtered)
Number of infos    :    0 (   0 filtered)

