--------------------------------------------------------------------------------
Release 14.7 Trace  (nt64)
Copyright (c) 1995-2013 Xilinx, Inc.  All rights reserved.

D:\Xilinx\14.7\ISE_DS\ISE\bin\nt64\unwrapped\trce.exe -intstyle ise -v 3 -s 4
-n 3 -fastpaths -xml elevado.twx elevado.ncd -o elevado.twr elevado.pcf -ucf
elevado.ucf

Design file:              elevado.ncd
Physical constraint file: elevado.pcf
Device,package,speed:     xc3s100e,cp132,-4 (PRODUCTION 1.27 2013-10-13)
Report level:             verbose report

Environment Variable      Effect 
--------------------      ------ 
NONE                      No environment variables were set
--------------------------------------------------------------------------------

INFO:Timing:2698 - No timing constraints found, doing default enumeration.
INFO:Timing:3412 - To improve timing, see the Timing Closure User Guide (UG612).
INFO:Timing:2752 - To get complete path coverage, use the unconstrained paths 
   option. All paths that are not constrained will be reported in the 
   unconstrained paths section(s) of the report.
INFO:Timing:3339 - The clock-to-out numbers in this timing report are based on 
   a 50 Ohm transmission line loading model.  For the details of this model, 
   and for more information on accounting for different loading conditions, 
   please see the device datasheet.
INFO:Timing:3390 - This architecture does not support a default System Jitter 
   value, please add SYSTEM_JITTER constraint to the UCF to modify the Clock 
   Uncertainty calculation.
INFO:Timing:3389 - This architecture does not support 'Discrete Jitter' and 
   'Phase Error' calculations, these terms will be zero in the Clock 
   Uncertainty calculation.  Please make appropriate modification to 
   SYSTEM_JITTER to account for the unsupported Discrete Jitter and Phase 
   Error.



Data Sheet report:
-----------------
All values displayed in nanoseconds (ns)

Pad to Pad
---------------+---------------+---------+
Source Pad     |Destination Pad|  Delay  |
---------------+---------------+---------+
x<0>           |res<0>         |    7.196|
x<0>           |res<1>         |    7.645|
x<0>           |res<2>         |    7.171|
x<0>           |res<3>         |    7.746|
x<0>           |res<4>         |    7.959|
x<1>           |res<0>         |    7.252|
x<1>           |res<1>         |    7.741|
x<1>           |res<2>         |    7.227|
x<1>           |res<3>         |    7.842|
x<1>           |res<4>         |    7.306|
y<0>           |res<0>         |    7.191|
y<0>           |res<1>         |    7.977|
y<0>           |res<2>         |    7.528|
y<0>           |res<3>         |    8.078|
y<0>           |res<4>         |    7.020|
y<1>           |res<1>         |    8.282|
y<1>           |res<2>         |    7.773|
y<1>           |res<3>         |    8.383|
y<1>           |res<4>         |    8.553|
---------------+---------------+---------+


Analysis completed Mon May 06 20:08:18 2019 
--------------------------------------------------------------------------------

Trace Settings:
-------------------------
Trace Settings 

Peak Memory Usage: 4488 MB



