--------------------------------------------------------------------------------
Release 14.7 Trace  (nt64)
Copyright (c) 1995-2013 Xilinx, Inc.  All rights reserved.

D:\Xilinx\14.7\ISE_DS\ISE\bin\nt64\unwrapped\trce.exe -intstyle ise -v 3 -s 4
-n 3 -fastpaths -xml top.twx top.ncd -o top.twr top.pcf -ucf multiplica.ucf

Design file:              top.ncd
Physical constraint file: top.pcf
Device,package,speed:     xc3s100e,cp132,-4 (PRODUCTION 1.27 2013-10-13)
Report level:             verbose report

Environment Variable      Effect 
--------------------      ------ 
NONE                      No environment variables were set
--------------------------------------------------------------------------------

INFO:Timing:2698 - No timing constraints found, doing default enumeration.
INFO:Timing:3412 - To improve timing, see the Timing Closure User Guide (UG612).
INFO:Timing:2752 - To get complete path coverage, use the unconstrained paths 
   option. All paths that are not constrained will be reported in the 
   unconstrained paths section(s) of the report.
INFO:Timing:3339 - The clock-to-out numbers in this timing report are based on 
   a 50 Ohm transmission line loading model.  For the details of this model, 
   and for more information on accounting for different loading conditions, 
   please see the device datasheet.
INFO:Timing:3390 - This architecture does not support a default System Jitter 
   value, please add SYSTEM_JITTER constraint to the UCF to modify the Clock 
   Uncertainty calculation.
INFO:Timing:3389 - This architecture does not support 'Discrete Jitter' and 
   'Phase Error' calculations, these terms will be zero in the Clock 
   Uncertainty calculation.  Please make appropriate modification to 
   SYSTEM_JITTER to account for the unsupported Discrete Jitter and Phase 
   Error.



Data Sheet report:
-----------------
All values displayed in nanoseconds (ns)

Pad to Pad
---------------+---------------+---------+
Source Pad     |Destination Pad|  Delay  |
---------------+---------------+---------+
a<0>           |bar<0>         |    8.558|
a<0>           |bar<1>         |    8.525|
a<0>           |bar<2>         |    8.465|
a<0>           |bar<3>         |    8.010|
a<0>           |bar<4>         |    9.597|
a<0>           |bar<5>         |    7.901|
a<0>           |bar<6>         |    7.990|
a<0>           |prod<0>        |    8.499|
a<0>           |prod<1>        |    7.886|
a<0>           |prod<2>        |    9.602|
a<0>           |prod<3>        |    9.635|
a<1>           |bar<0>         |    8.886|
a<1>           |bar<1>         |    8.336|
a<1>           |bar<2>         |    8.808|
a<1>           |bar<3>         |    8.338|
a<1>           |bar<4>         |    9.385|
a<1>           |bar<5>         |    8.179|
a<1>           |bar<6>         |    7.736|
a<1>           |prod<1>        |    8.274|
a<1>           |prod<2>        |    9.325|
a<1>           |prod<3>        |    9.478|
b<0>           |bar<0>         |    6.785|
b<0>           |bar<1>         |    7.582|
b<0>           |bar<2>         |    8.295|
b<0>           |bar<3>         |    6.237|
b<0>           |bar<4>         |    7.346|
b<0>           |bar<5>         |    7.726|
b<0>           |bar<6>         |    7.042|
b<0>           |prod<0>        |    6.672|
b<0>           |prod<1>        |    6.178|
b<0>           |prod<2>        |    7.346|
b<0>           |prod<3>        |    7.232|
b<1>           |bar<0>         |    8.213|
b<1>           |bar<1>         |    8.328|
b<1>           |bar<2>         |    8.236|
b<1>           |bar<3>         |    7.665|
b<1>           |bar<4>         |    7.215|
b<1>           |bar<5>         |    7.632|
b<1>           |bar<6>         |    7.753|
b<1>           |prod<1>        |    7.566|
b<1>           |prod<2>        |    7.180|
b<1>           |prod<3>        |    7.144|
---------------+---------------+---------+


Analysis completed Sun May 05 15:39:07 2019 
--------------------------------------------------------------------------------

Trace Settings:
-------------------------
Trace Settings 

Peak Memory Usage: 4488 MB



