Release 14.7 - xst P.20131013 (nt64)
Copyright (c) 1995-2013 Xilinx, Inc.  All rights reserved.
--> Parameter TMPDIR set to xst/projnav.tmp


Total REAL time to Xst completion: 0.00 secs
Total CPU time to Xst completion: 0.25 secs
 
--> Parameter xsthdpdir set to xst


Total REAL time to Xst completion: 0.00 secs
Total CPU time to Xst completion: 0.26 secs
 
--> Reading design: top.prj

TABLE OF CONTENTS
  1) Synthesis Options Summary
  2) HDL Compilation
  3) Design Hierarchy Analysis
  4) HDL Analysis
  5) HDL Synthesis
     5.1) HDL Synthesis Report
  6) Advanced HDL Synthesis
     6.1) Advanced HDL Synthesis Report
  7) Low Level Synthesis
  8) Partition Report
  9) Final Report
	9.1) Device utilization summary
	9.2) Partition Resource Summary
	9.3) TIMING REPORT


=========================================================================
*                      Synthesis Options Summary                        *
=========================================================================
---- Source Parameters
Input File Name                    : "top.prj"
Input Format                       : mixed
Ignore Synthesis Constraint File   : NO

---- Target Parameters
Output File Name                   : "top"
Output Format                      : NGC
Target Device                      : xc3s100e-4-cp132

---- Source Options
Top Module Name                    : top
Automatic FSM Extraction           : YES
FSM Encoding Algorithm             : Auto
Safe Implementation                : No
FSM Style                          : LUT
RAM Extraction                     : Yes
RAM Style                          : Auto
ROM Extraction                     : Yes
Mux Style                          : Auto
Decoder Extraction                 : YES
Priority Encoder Extraction        : Yes
Shift Register Extraction          : YES
Logical Shifter Extraction         : YES
XOR Collapsing                     : YES
ROM Style                          : Auto
Mux Extraction                     : Yes
Resource Sharing                   : YES
Asynchronous To Synchronous        : NO
Multiplier Style                   : Auto
Automatic Register Balancing       : No

---- Target Options
Add IO Buffers                     : YES
Global Maximum Fanout              : 500
Add Generic Clock Buffer(BUFG)     : 24
Register Duplication               : YES
Slice Packing                      : YES
Optimize Instantiated Primitives   : NO
Use Clock Enable                   : Yes
Use Synchronous Set                : Yes
Use Synchronous Reset              : Yes
Pack IO Registers into IOBs        : Auto
Equivalent register Removal        : YES

---- General Options
Optimization Goal                  : Speed
Optimization Effort                : 1
Keep Hierarchy                     : No
Netlist Hierarchy                  : As_Optimized
RTL Output                         : Yes
Global Optimization                : AllClockNets
Read Cores                         : YES
Write Timing Constraints           : NO
Cross Clock Analysis               : NO
Hierarchy Separator                : /
Bus Delimiter                      : <>
Case Specifier                     : Maintain
Slice Utilization Ratio            : 100
BRAM Utilization Ratio             : 100
Verilog 2001                       : YES
Auto BRAM Packing                  : NO
Slice Utilization Ratio Delta      : 5

=========================================================================


=========================================================================
*                          HDL Compilation                              *
=========================================================================
Compiling vhdl file "D:/GIT/logica-reconfiguravel/Exercicios/ENTREGAR ATIVIDADE/ENTREGA/multiplica/meupacote.vhd" in Library work.
Architecture meupacote of Entity meupacote is up to date.
Compiling vhdl file "D:/GIT/logica-reconfiguravel/Exercicios/ENTREGAR ATIVIDADE/ENTREGA/multiplica/multplica.vhd" in Library work.
Architecture arch of Entity multplica is up to date.
Compiling vhdl file "D:/GIT/logica-reconfiguravel/Exercicios/ENTREGAR ATIVIDADE/ENTREGA/multiplica/setSeg.vhd" in Library work.
Architecture arch of Entity setseg is up to date.
Compiling vhdl file "D:/GIT/logica-reconfiguravel/Exercicios/ENTREGAR ATIVIDADE/ENTREGA/multiplica/top.vhd" in Library work.
Entity <top> compiled.
Entity <top> (Architecture <arch>) compiled.

=========================================================================
*                     Design Hierarchy Analysis                         *
=========================================================================
Analyzing hierarchy for entity <top> in library <work> (architecture <arch>) with generics.
	N = 3

Analyzing hierarchy for entity <multplica> in library <work> (architecture <arch>) with generics.
	N = 3

Analyzing hierarchy for entity <setSeg> in library <work> (architecture <arch>).


=========================================================================
*                            HDL Analysis                               *
=========================================================================
Analyzing generic Entity <top> in library <work> (Architecture <arch>).
	N = 3
Entity <top> analyzed. Unit <top> generated.

Analyzing generic Entity <multplica> in library <work> (Architecture <arch>).
	N = 3
Entity <multplica> analyzed. Unit <multplica> generated.

Analyzing Entity <setSeg> in library <work> (Architecture <arch>).
Entity <setSeg> analyzed. Unit <setSeg> generated.


=========================================================================
*                           HDL Synthesis                               *
=========================================================================

Performing bidirectional port resolution...

Synthesizing Unit <multplica>.
    Related source file is "D:/GIT/logica-reconfiguravel/Exercicios/ENTREGAR ATIVIDADE/ENTREGA/multiplica/multplica.vhd".
    Found 3x3-bit multiplier for signal <prod>.
    Summary:
	inferred   1 Multiplier(s).
Unit <multplica> synthesized.


Synthesizing Unit <setSeg>.
    Related source file is "D:/GIT/logica-reconfiguravel/Exercicios/ENTREGAR ATIVIDADE/ENTREGA/multiplica/setSeg.vhd".
    Found 16x8-bit ROM for signal <bar$mux0000>.
    Summary:
	inferred   1 ROM(s).
Unit <setSeg> synthesized.


Synthesizing Unit <top>.
    Related source file is "D:/GIT/logica-reconfiguravel/Exercicios/ENTREGAR ATIVIDADE/ENTREGA/multiplica/top.vhd".
Unit <top> synthesized.


=========================================================================
HDL Synthesis Report

Macro Statistics
# ROMs                                                 : 1
 16x8-bit ROM                                          : 1
# Multipliers                                          : 1
 3x3-bit multiplier                                    : 1

=========================================================================

=========================================================================
*                       Advanced HDL Synthesis                          *
=========================================================================


=========================================================================
Advanced HDL Synthesis Report

Macro Statistics
# ROMs                                                 : 1
 16x8-bit ROM                                          : 1
# Multipliers                                          : 1
 3x3-bit multiplier                                    : 1

=========================================================================

=========================================================================
*                         Low Level Synthesis                           *
=========================================================================

Optimizing unit <top> ...

Mapping all equations...
Building and optimizing final netlist ...
Found area constraint ratio of 100 (+ 5) on block top, actual ratio is 2.

Final Macro Processing ...

=========================================================================
Final Register Report

Found no macro
=========================================================================

=========================================================================
*                           Partition Report                            *
=========================================================================

Partition Implementation Status
-------------------------------

  No Partitions were found in this design.

-------------------------------

=========================================================================
*                            Final Report                               *
=========================================================================
Final Results
RTL Top Level Output File Name     : top.ngr
Top Level Output File Name         : top
Output Format                      : NGC
Optimization Goal                  : Speed
Keep Hierarchy                     : No

Design Statistics
# IOs                              : 20

Cell Usage :
# BELS                             : 39
#      LUT2                        : 3
#      LUT3                        : 4
#      LUT4                        : 28
#      MUXF5                       : 4
# IO Buffers                       : 20
#      IBUF                        : 6
#      OBUF                        : 14
=========================================================================

Device utilization summary:
---------------------------

Selected Device : 3s100ecp132-4 

 Number of Slices:                       19  out of    960     1%  
 Number of 4 input LUTs:                 35  out of   1920     1%  
 Number of IOs:                          20
 Number of bonded IOBs:                  20  out of     83    24%  

---------------------------
Partition Resource Summary:
---------------------------

  No Partitions were found in this design.

---------------------------


=========================================================================
TIMING REPORT

NOTE: THESE TIMING NUMBERS ARE ONLY A SYNTHESIS ESTIMATE.
      FOR ACCURATE TIMING INFORMATION PLEASE REFER TO THE TRACE REPORT
      GENERATED AFTER PLACE-and-ROUTE.

Clock Information:
------------------
No clock signals found in this design

Asynchronous Control Signals Information:
----------------------------------------
No asynchronous control signals found in this design

Timing Summary:
---------------
Speed Grade: -4

   Minimum period: No path found
   Minimum input arrival time before clock: No path found
   Maximum output required time after clock: No path found
   Maximum combinational path delay: 13.744ns

Timing Detail:
--------------
All values displayed in nanoseconds (ns)

=========================================================================
Timing constraint: Default path analysis
  Total number of paths / destination ports: 858 / 14
-------------------------------------------------------------------------
Delay:               13.744ns (Levels of Logic = 9)
  Source:            b<0> (PAD)
  Destination:       bar<3> (PAD)

  Data Path: b<0> to bar<3>
                                Gate     Net
    Cell:in->out      fanout   Delay   Delay  Logical Name (Net Name)
    ----------------------------------------  ------------
     IBUF:I->O            15   1.218   1.096  b_0_IBUF (b_0_IBUF)
     LUT4:I1->O            2   0.704   0.526  map01/Mmult_prod_Madd_lut<2>1 (map01/Mmult_prod_Madd_2)
     LUT3:I1->O            3   0.704   0.610  map01/Mmult_prod_Madd1_lut<2>1 (map01/Mmult_prod_Madd1_lut<2>)
     LUT4:I1->O           12   0.704   0.965  map01/Mmult_prod_Madd1_xor<2>11 (prod_2_OBUF)
     LUT4:I3->O            5   0.704   0.637  map02/Mrom_bar_mux0000611 (N4)
     LUT4:I3->O            1   0.704   0.000  map02/bar<3>171 (map02/bar<3>171)
     MUXF5:I1->O           1   0.321   0.455  map02/bar<3>17_f5 (map02/bar<3>17)
     LUT3:I2->O            1   0.704   0.420  map02/bar<3>63 (bar_3_OBUF)
     OBUF:I->O                 3.272          bar_3_OBUF (bar<3>)
    ----------------------------------------
    Total                     13.744ns (9.035ns logic, 4.709ns route)
                                       (65.7% logic, 34.3% route)

=========================================================================


Total REAL time to Xst completion: 6.00 secs
Total CPU time to Xst completion: 6.08 secs
 
--> 

Total memory usage is 4550916 kilobytes

Number of errors   :    0 (   0 filtered)
Number of warnings :    0 (   0 filtered)
Number of infos    :    0 (   0 filtered)

