--------------------------------------------------------------------------------
Release 14.7 Trace  (nt64)
Copyright (c) 1995-2013 Xilinx, Inc.  All rights reserved.

D:\Xilinx\14.7\ISE_DS\ISE\bin\nt64\unwrapped\trce.exe -intstyle ise -v 3 -s 4
-n 3 -fastpaths -xml top.twx top.ncd -o top.twr top.pcf -ucf top.ucf

Design file:              top.ncd
Physical constraint file: top.pcf
Device,package,speed:     xc3s100e,cp132,-4 (PRODUCTION 1.27 2013-10-13)
Report level:             verbose report

Environment Variable      Effect 
--------------------      ------ 
NONE                      No environment variables were set
--------------------------------------------------------------------------------

INFO:Timing:2698 - No timing constraints found, doing default enumeration.
INFO:Timing:3412 - To improve timing, see the Timing Closure User Guide (UG612).
INFO:Timing:2752 - To get complete path coverage, use the unconstrained paths 
   option. All paths that are not constrained will be reported in the 
   unconstrained paths section(s) of the report.
INFO:Timing:3339 - The clock-to-out numbers in this timing report are based on 
   a 50 Ohm transmission line loading model.  For the details of this model, 
   and for more information on accounting for different loading conditions, 
   please see the device datasheet.
INFO:Timing:3390 - This architecture does not support a default System Jitter 
   value, please add SYSTEM_JITTER constraint to the UCF to modify the Clock 
   Uncertainty calculation.
INFO:Timing:3389 - This architecture does not support 'Discrete Jitter' and 
   'Phase Error' calculations, these terms will be zero in the Clock 
   Uncertainty calculation.  Please make appropriate modification to 
   SYSTEM_JITTER to account for the unsupported Discrete Jitter and Phase 
   Error.



Data Sheet report:
-----------------
All values displayed in nanoseconds (ns)

Pad to Pad
---------------+---------------+---------+
Source Pad     |Destination Pad|  Delay  |
---------------+---------------+---------+
sel<0>         |bar<0>         |    8.360|
sel<0>         |bar<1>         |    8.915|
sel<0>         |bar<2>         |    8.524|
sel<0>         |bar<3>         |    8.723|
sel<0>         |bar<4>         |    9.449|
sel<0>         |bar<5>         |    8.511|
sel<0>         |bar<6>         |    8.391|
sel<1>         |bar<0>         |    7.531|
sel<1>         |bar<1>         |    8.051|
sel<1>         |bar<2>         |    8.374|
sel<1>         |bar<3>         |    7.859|
sel<1>         |bar<4>         |    7.734|
sel<1>         |bar<5>         |    8.356|
sel<1>         |bar<6>         |    7.562|
sel<2>         |bar<0>         |    8.762|
sel<2>         |bar<1>         |    9.277|
sel<2>         |bar<2>         |    9.014|
sel<2>         |bar<3>         |    9.085|
sel<2>         |bar<4>         |    8.536|
sel<2>         |bar<5>         |    8.936|
sel<2>         |bar<6>         |    8.793|
sel<3>         |bar<0>         |    8.546|
sel<3>         |bar<1>         |    9.126|
sel<3>         |bar<2>         |    7.751|
sel<3>         |bar<3>         |    8.934|
sel<3>         |bar<4>         |    8.057|
sel<3>         |bar<5>         |    7.698|
sel<3>         |bar<6>         |    8.577|
---------------+---------------+---------+


Analysis completed Mon May 06 19:08:03 2019 
--------------------------------------------------------------------------------

Trace Settings:
-------------------------
Trace Settings 

Peak Memory Usage: 4488 MB



