Command line:
   tb_p02_isim_beh.exe
     -simmode  gui
     -simrunnum  0
     -socket  53509

Tue Mar 26 23:15:43 2019


 Elaboration Time: 0.078125 sec

 Current Memory Usage: 5331.27 Meg

 Total Signals          : 8
 Total Nets             : 4
 Total Signal Drivers   : 4
 Total Blocks           : 3
 Total Primitive Blocks : 2
 Total Processes        : 2
 Total Traceable Variables  : 8
 Total Scalar Nets and Variables : 364
Total Line Count : 9

 Total Simulation Time: 0.09375 sec

 Current Memory Usage: 5331.27 Meg

Tue Mar 26 23:15:58 2019

