Command line:
   comparador_isim_beh.exe
     -simmode  gui
     -simrunnum  1
     -socket  53125

Tue Mar 26 20:11:11 2019


 Elaboration Time: 0.078125 sec

 Current Memory Usage: 5331.27 Meg

 Total Signals          : 3
 Total Nets             : 3
 Total Signal Drivers   : 1
 Total Blocks           : 2
 Total Primitive Blocks : 2
 Total Processes        : 1
 Total Traceable Variables  : 8
 Total Scalar Nets and Variables : 363
Total Line Count : 1

 Total Simulation Time: 0.078125 sec

 Current Memory Usage: 5645.84 Meg

Tue Mar 26 20:12:07 2019

