Command line:
   tb_and01_isim_beh.exe
     -simmode  gui
     -simrunnum  0
     -socket  50870

Mon Apr 22 23:42:43 2019


 Elaboration Time: 0.078125 sec

 Current Memory Usage: 5331.8 Meg

 Total Signals          : 9
 Total Nets             : 5
 Total Signal Drivers   : 5
 Total Blocks           : 3
 Total Primitive Blocks : 2
 Total Processes        : 3
 Total Traceable Variables  : 8
 Total Scalar Nets and Variables : 365
Total Line Count : 10

 Total Simulation Time: 0.078125 sec

 Current Memory Usage: 5646.37 Meg

Mon Apr 22 23:43:20 2019

