--------------------------------------------------------------------------------
Release 14.7 Trace  (nt64)
Copyright (c) 1995-2013 Xilinx, Inc.  All rights reserved.

D:\Xilinx\14.7\ISE_DS\ISE\bin\nt64\unwrapped\trce.exe -intstyle ise -v 3 -s 4
-n 3 -fastpaths -xml projetsetSeg01.twx projetsetSeg01.ncd -o
projetsetSeg01.twr projetsetSeg01.pcf -ucf setSeg.ucf

Design file:              projetsetSeg01.ncd
Physical constraint file: projetsetSeg01.pcf
Device,package,speed:     xc3s100e,cp132,-4 (PRODUCTION 1.27 2013-10-13)
Report level:             verbose report

Environment Variable      Effect 
--------------------      ------ 
NONE                      No environment variables were set
--------------------------------------------------------------------------------

INFO:Timing:2698 - No timing constraints found, doing default enumeration.
INFO:Timing:3412 - To improve timing, see the Timing Closure User Guide (UG612).
INFO:Timing:2752 - To get complete path coverage, use the unconstrained paths 
   option. All paths that are not constrained will be reported in the 
   unconstrained paths section(s) of the report.
INFO:Timing:3339 - The clock-to-out numbers in this timing report are based on 
   a 50 Ohm transmission line loading model.  For the details of this model, 
   and for more information on accounting for different loading conditions, 
   please see the device datasheet.
INFO:Timing:3390 - This architecture does not support a default System Jitter 
   value, please add SYSTEM_JITTER constraint to the UCF to modify the Clock 
   Uncertainty calculation.
INFO:Timing:3389 - This architecture does not support 'Discrete Jitter' and 
   'Phase Error' calculations, these terms will be zero in the Clock 
   Uncertainty calculation.  Please make appropriate modification to 
   SYSTEM_JITTER to account for the unsupported Discrete Jitter and Phase 
   Error.



Data Sheet report:
-----------------
All values displayed in nanoseconds (ns)

Pad to Pad
---------------+---------------+---------+
Source Pad     |Destination Pad|  Delay  |
---------------+---------------+---------+
display<0>     |displaySet<0>  |    8.341|
display<0>     |displaySet<1>  |    7.738|
display<0>     |displaySet<2>  |    7.592|
display<0>     |displaySet<3>  |    7.687|
display<1>     |displaySet<0>  |    9.229|
display<1>     |displaySet<1>  |    8.691|
display<1>     |displaySet<2>  |    8.535|
display<1>     |displaySet<3>  |    8.695|
option         |bar<0>         |    8.466|
option         |bar<1>         |    8.972|
option         |bar<2>         |    8.419|
option         |bar<3>         |    9.315|
option         |bar<4>         |    9.203|
option         |bar<5>         |    8.694|
option         |bar<6>         |    8.463|
option         |bar<7>         |    8.647|
sel<0>         |bar<0>         |    9.448|
sel<0>         |bar<1>         |    7.847|
sel<0>         |bar<2>         |    8.892|
sel<0>         |bar<3>         |   10.406|
sel<0>         |bar<4>         |    8.572|
sel<0>         |bar<5>         |    8.498|
sel<0>         |bar<6>         |    8.621|
sel<1>         |bar<0>         |    8.900|
sel<1>         |bar<1>         |    8.127|
sel<1>         |bar<2>         |    9.108|
sel<1>         |bar<3>         |    9.853|
sel<1>         |bar<4>         |    9.084|
sel<1>         |bar<5>         |    9.010|
sel<1>         |bar<6>         |    9.468|
sel<1>         |bar<7>         |    8.821|
sel<2>         |bar<0>         |    7.455|
sel<2>         |bar<1>         |    8.826|
sel<2>         |bar<2>         |    7.932|
sel<2>         |bar<3>         |    8.511|
sel<2>         |bar<4>         |    8.702|
sel<2>         |bar<5>         |    8.688|
sel<2>         |bar<6>         |    7.976|
sel<2>         |bar<7>         |    8.542|
sel<3>         |bar<0>         |    8.166|
sel<3>         |bar<1>         |    9.533|
sel<3>         |bar<2>         |    8.936|
sel<3>         |bar<3>         |    9.046|
sel<3>         |bar<4>         |    8.969|
sel<3>         |bar<5>         |    8.895|
sel<3>         |bar<6>         |    8.980|
sel<3>         |bar<7>         |    8.858|
---------------+---------------+---------+


Analysis completed Tue Apr 30 21:52:57 2019 
--------------------------------------------------------------------------------

Trace Settings:
-------------------------
Trace Settings 

Peak Memory Usage: 4488 MB



