Command line:
   tb_ex04_isim_beh.exe
     -simmode  gui
     -simrunnum  0
     -socket  50924

Tue Apr 23 00:08:58 2019


 Elaboration Time: 0.078125 sec

 Current Memory Usage: 5331.8 Meg

 Total Signals          : 6
 Total Nets             : 3
 Total Signal Drivers   : 3
 Total Blocks           : 3
 Total Primitive Blocks : 2
 Total Processes        : 2
 Total Traceable Variables  : 8
 Total Scalar Nets and Variables : 363
Total Line Count : 5

 Total Simulation Time: 0.09375 sec

 Current Memory Usage: 5331.8 Meg

Tue Apr 23 00:09:20 2019

