Command line:
   ccto_basico7_isim_beh.exe
     -simmode  gui
     -simrunnum  0
     -socket  53118

Tue Mar 26 20:08:52 2019


 Elaboration Time: 0.0625 sec

 Current Memory Usage: 5331.28 Meg

 Total Signals          : 6
 Total Nets             : 6
 Total Signal Drivers   : 2
 Total Blocks           : 2
 Total Primitive Blocks : 2
 Total Processes        : 1
 Total Traceable Variables  : 8
 Total Scalar Nets and Variables : 366
Total Line Count : 1

 Total Simulation Time: 0.0625 sec

 Current Memory Usage: 5331.28 Meg

Tue Mar 26 20:09:02 2019

