--------------------------------------------------------------------------------
Release 14.7 Trace  (nt64)
Copyright (c) 1995-2013 Xilinx, Inc.  All rights reserved.

D:\Xilinx\14.7\ISE_DS\ISE\bin\nt64\unwrapped\trce.exe -intstyle ise -v 3 -s 4
-n 3 -fastpaths -xml bcd.twx bcd.ncd -o bcd.twr bcd.pcf -ucf bcd.ucf

Design file:              bcd.ncd
Physical constraint file: bcd.pcf
Device,package,speed:     xc3s100e,cp132,-4 (PRODUCTION 1.27 2013-10-13)
Report level:             verbose report

Environment Variable      Effect 
--------------------      ------ 
NONE                      No environment variables were set
--------------------------------------------------------------------------------

INFO:Timing:2698 - No timing constraints found, doing default enumeration.
INFO:Timing:3412 - To improve timing, see the Timing Closure User Guide (UG612).
INFO:Timing:2752 - To get complete path coverage, use the unconstrained paths 
   option. All paths that are not constrained will be reported in the 
   unconstrained paths section(s) of the report.
INFO:Timing:3339 - The clock-to-out numbers in this timing report are based on 
   a 50 Ohm transmission line loading model.  For the details of this model, 
   and for more information on accounting for different loading conditions, 
   please see the device datasheet.
INFO:Timing:3390 - This architecture does not support a default System Jitter 
   value, please add SYSTEM_JITTER constraint to the UCF to modify the Clock 
   Uncertainty calculation.
INFO:Timing:3389 - This architecture does not support 'Discrete Jitter' and 
   'Phase Error' calculations, these terms will be zero in the Clock 
   Uncertainty calculation.  Please make appropriate modification to 
   SYSTEM_JITTER to account for the unsupported Discrete Jitter and Phase 
   Error.



Data Sheet report:
-----------------
All values displayed in nanoseconds (ns)

Pad to Pad
---------------+---------------+---------+
Source Pad     |Destination Pad|  Delay  |
---------------+---------------+---------+
A<0>           |bar<0>         |    8.507|
A<0>           |bar<1>         |    8.477|
A<0>           |bar<2>         |    8.753|
A<0>           |bar<3>         |    8.659|
A<0>           |bar<4>         |    8.200|
A<0>           |bar<5>         |    7.825|
A<0>           |bar<6>         |    8.476|
A<1>           |bar<0>         |    7.462|
A<1>           |bar<1>         |    7.730|
A<1>           |bar<2>         |    7.817|
A<1>           |bar<3>         |    7.952|
A<1>           |bar<4>         |    7.155|
A<1>           |bar<5>         |    6.947|
A<1>           |bar<6>         |    7.471|
A<1>           |bar<7>         |    7.777|
A<2>           |bar<0>         |    8.426|
A<2>           |bar<1>         |    8.727|
A<2>           |bar<2>         |    8.629|
A<2>           |bar<3>         |    8.944|
A<2>           |bar<4>         |    8.119|
A<2>           |bar<5>         |    7.732|
A<2>           |bar<6>         |    8.430|
A<2>           |bar<7>         |    8.736|
A<3>           |bar<0>         |    7.858|
A<3>           |bar<1>         |    8.088|
A<3>           |bar<2>         |    8.268|
A<3>           |bar<3>         |    8.245|
A<3>           |bar<4>         |    7.551|
A<3>           |bar<5>         |    7.333|
A<3>           |bar<6>         |    7.802|
A<3>           |bar<7>         |    8.108|
seletor<0>     |display<0>     |    8.727|
seletor<0>     |display<1>     |    8.080|
seletor<0>     |display<2>     |    8.188|
seletor<0>     |display<3>     |    7.577|
seletor<1>     |display<0>     |    8.066|
seletor<1>     |display<1>     |    7.394|
seletor<1>     |display<2>     |    8.417|
seletor<1>     |display<3>     |    7.799|
---------------+---------------+---------+


Analysis completed Tue Apr 30 19:33:36 2019 
--------------------------------------------------------------------------------

Trace Settings:
-------------------------
Trace Settings 

Peak Memory Usage: 4488 MB



